<?xml version="1.0" encoding="UTF-8"?>
<!-- Generated by org.testng.reporters.JUnitReportReporter -->
<testsuite skipped="0" hostname="LAPTOP-1R5NMNG1" name="axisbank.FdTestCase" tests="1" failures="0" timestamp="2020-10-14T19:53:56 IST" time="6.530" errors="0">
  <testcase name="testCase" time="6.530" classname="axisbank.FdTestCase"/>
  <system-out/>
</testsuite> <!-- axisbank.FdTestCase -->
